<?xml version="1.0" encoding="UTF-8"?>
<testng-results ignored="0" total="3" passed="3" failed="0" skipped="0">
  <reporter-output>
  </reporter-output>
  <suite started-at="2025-12-09T17:03:12 IST" name="QA Automation Suite" finished-at="2025-12-09T17:03:33 IST" duration-ms="21224">
    <groups>
    </groups>
    <test started-at="2025-12-09T17:03:12 IST" name="UI Tests" finished-at="2025-12-09T17:03:24 IST" duration-ms="12506">
      <class name="tests.ui.LoginTests">
        <test-method is-config="true" signature="setUp()[pri:0, instance:tests.ui.LoginTests@327514f]" started-at="2025-12-09T17:03:12 IST" name="setUp" finished-at="2025-12-09T17:03:21 IST" duration-ms="9172" status="PASS">
          <reporter-output>
          </reporter-output>
        </test-method> <!-- setUp -->
        <test-method signature="verifyValidLogin()[pri:0, instance:tests.ui.LoginTests@327514f]" started-at="2025-12-09T17:03:21 IST" name="verifyValidLogin" finished-at="2025-12-09T17:03:24 IST" duration-ms="2551" status="PASS">
          <reporter-output>
          </reporter-output>
        </test-method> <!-- verifyValidLogin -->
        <test-method is-config="true" signature="tearDown()[pri:0, instance:tests.ui.LoginTests@327514f]" started-at="2025-12-09T17:03:24 IST" name="tearDown" finished-at="2025-12-09T17:03:24 IST" duration-ms="655" status="PASS">
          <reporter-output>
          </reporter-output>
        </test-method> <!-- tearDown -->
      </class> <!-- tests.ui.LoginTests -->
    </test> <!-- UI Tests -->
    <test started-at="2025-12-09T17:03:25 IST" name="API Tests" finished-at="2025-12-09T17:03:33 IST" duration-ms="8652">
      <class name="tests.api.SampleApiTests">
        <test-method signature="testGetUsers()[pri:0, instance:tests.api.SampleApiTests@58a9760d]" started-at="2025-12-09T17:03:25 IST" name="testGetUsers" finished-at="2025-12-09T17:03:32 IST" duration-ms="7947" status="PASS">
          <reporter-output>
          </reporter-output>
        </test-method> <!-- testGetUsers -->
        <test-method signature="testGetUsersWithParams()[pri:0, instance:tests.api.SampleApiTests@58a9760d]" started-at="2025-12-09T17:03:32 IST" name="testGetUsersWithParams" finished-at="2025-12-09T17:03:33 IST" duration-ms="684" status="PASS">
          <reporter-output>
          </reporter-output>
        </test-method> <!-- testGetUsersWithParams -->
      </class> <!-- tests.api.SampleApiTests -->
    </test> <!-- API Tests -->
  </suite> <!-- QA Automation Suite -->
</testng-results>
